<?xml version="1.0" encoding="UTF-8"?>
<!-- Generated by org.testng.reporters.JUnitReportReporter -->
<testsuite hostname="Girish_LenovoPC" failures="0" tests="1" name="xmlParamerterization.PracticeTest" time="0.010" errors="0" timestamp="2023-01-09T01:07:29 IST" skipped="0">
  <testcase classname="xmlParamerterization.PracticeTest" name="demoTest" time="0.010"/>
  <system-out/>
</testsuite> <!-- xmlParamerterization.PracticeTest -->
